{"uuid":"8ae185f5-de0b-4171-860f-0abae4f43ddc","historyId":"a52563dbde5663dc8af250870729c75d","fullName":"src/test/resources/features/GoogleSearch.feature:3","labels":[{"name":"host","value":"home"},{"name":"thread","value":"24036@home.main(1)"},{"name":"feature","value":"Google Search"},{"name":"story","value":"Search for a term on Google"},{"name":"suite","value":"Google Search"},{"name":"testClass","value":"Search for a term on Google"},{"name":"framework","value":"cucumber4jvm"},{"name":"language","value":"java"},{"name":"gherkin_uri","value":"file:///E:/Project/Automation_Selenium_cucumber/google-cucumber-testng-framework/src/test/resources/features/GoogleSearch.feature"},{"name":"package","value":"src.test.resources.features.GoogleSearch_feature.Google Search"}],"links":[],"name":"Search for a term on Google","status":"failed","statusDetails":{"known":false,"muted":false,"flaky":false,"message":"No search results found expected [true] but found [false]","trace":"java.lang.AssertionError: No search results found expected [true] but found [false]\r\n\tat org.testng.Assert.fail(Assert.java:111)\r\n\tat org.testng.Assert.failNotEquals(Assert.java:1590)\r\n\tat org.testng.Assert.assertTrue(Assert.java:57)\r\n\tat com.framework.stepdefinitions.GoogleSearchSteps.results_should_be_shown_with_the_query(GoogleSearchSteps.java:43)\r\n\tat ✽.results should be shown with the query \"OpenAI\"(file:///E:/Project/Automation_Selenium_cucumber/google-cucumber-testng-framework/src/test/resources/features/GoogleSearch.feature:6)\r\n"},"stage":"finished","steps":[{"name":"Given  I am on Google home page","status":"passed","statusDetails":{"known":false,"muted":false,"flaky":false},"stage":"finished","steps":[{"name":"Navigated to Google","status":"passed","stage":"finished","steps":[],"attachments":[],"parameters":[],"start":1755661405609,"stop":1755661405610}],"attachments":[],"parameters":[],"start":1755661405570,"stop":1755661405620},{"name":"When  I search for \"OpenAI\"","status":"passed","statusDetails":{"known":false,"muted":false,"flaky":false},"stage":"finished","steps":[{"name":"Search query: OpenAI","status":"passed","stage":"finished","steps":[],"attachments":[],"parameters":[],"start":1755661405625,"stop":1755661405625}],"attachments":[],"parameters":[],"start":1755661405621,"stop":1755661405845},{"name":"Then  results should be shown with the query \"OpenAI\"","status":"failed","statusDetails":{"known":false,"muted":false,"flaky":false,"message":"No search results found expected [true] but found [false]","trace":"java.lang.AssertionError: No search results found expected [true] but found [false]\r\n\tat org.testng.Assert.fail(Assert.java:111)\r\n\tat org.testng.Assert.failNotEquals(Assert.java:1590)\r\n\tat org.testng.Assert.assertTrue(Assert.java:57)\r\n\tat com.framework.stepdefinitions.GoogleSearchSteps.results_should_be_shown_with_the_query(GoogleSearchSteps.java:43)\r\n\tat ✽.results should be shown with the query \"OpenAI\"(file:///E:/Project/Automation_Selenium_cucumber/google-cucumber-testng-framework/src/test/resources/features/GoogleSearch.feature:6)\r\n"},"stage":"finished","steps":[{"name":"Results found: 0","status":"passed","stage":"finished","steps":[],"attachments":[],"parameters":[],"start":1755661408088,"stop":1755661408088}],"attachments":[],"parameters":[],"start":1755661405846,"stop":1755661408116}],"attachments":[],"parameters":[],"start":1755661400860,"stop":1755661408893}