<?xml version="1.0" encoding="UTF-8"?>
<!-- Generated by org.testng.reporters.JUnitReportReporter -->
<testsuite hostname="home" failures="1" tests="1" name="com.framework.runners.TestRunner" time="8.317" errors="0" timestamp="2025-08-20T09:13:29 IST" skipped="0">
  <testcase classname="com.framework.runners.TestRunner" name="runScenario" time="8.317">
    <failure message="No search results found expected [true] but found [false]" type="java.lang.AssertionError">
      <![CDATA[java.lang.AssertionError: No search results found expected [true] but found [false]
at org.testng.Assert.fail(Assert.java:111)
at org.testng.Assert.failNotEquals(Assert.java:1590)
at org.testng.Assert.assertTrue(Assert.java:57)
at com.framework.stepdefinitions.GoogleSearchSteps.results_should_be_shown_with_the_query(GoogleSearchSteps.java:43)
at âœ½.results should be shown with the query "OpenAI"(file:///E:/Project/Automation_Selenium_cucumber/google-cucumber-testng-framework/src/test/resources/features/GoogleSearch.feature:6)
]]>
    </failure>
  </testcase> <!-- runScenario -->
</testsuite> <!-- com.framework.runners.TestRunner -->
